#
# There is insufficient memory for the Java Runtime Environment to continue.
# Native memory allocation (mmap) failed to map 40894464 bytes for Failed to commit area from 0x000000074d800000 to 0x000000074ff00000 of length 40894464.
# Possible reasons:
#   The system is out of physical RAM or swap space
#   The process is running with CompressedOops enabled, and the Java Heap may be blocking the growth of the native heap
# Possible solutions:
#   Reduce memory load on the system
#   Increase physical memory or swap space
#   Check if swap backing store is full
#   Decrease Java heap size (-Xmx/-Xms)
#   Decrease number of Java threads
#   Decrease Java thread stack sizes (-Xss)
#   Set larger code cache with -XX:ReservedCodeCacheSize=
#   JVM is running with Zero Based Compressed Oops mode in which the Java heap is
#     placed in the first 32GB address space. The Java Heap base address is the
#     maximum limit for the native heap growth. Please use -XX:HeapBaseMinAddress
#     to set the Java Heap base and to place the Java Heap above 32GB virtual address.
# This output file may be truncated or incomplete.
#
#  Out of Memory Error (./open/src/hotspot/os/windows/os_windows.cpp:3283), pid=4340, tid=11648
#
# JRE version: Java(TM) SE Runtime Environment 18.9 (11.0.17+10) (build 11.0.17+10-LTS-269)
# Java VM: Java HotSpot(TM) 64-Bit Server VM 18.9 (11.0.17+10-LTS-269, mixed mode, tiered, compressed oops, g1 gc, windows-amd64)
# No core dump will be written. Minidumps are not enabled by default on client versions of Windows
#

---------------  S U M M A R Y ------------

Command Line: org.jetbrains.kotlin.cli.jvm.K2JVMCompiler @E:\AI-PBL\PBL\deepfake\node_modules\react-native-safe-area-context\android\build\20230521_13646238924706953139.compiler.options

Host: Intel(R) Core(TM) i5-6200U CPU @ 2.30GHz, 4 cores, 11G,  Windows 10 , 64 bit Build 19041 (10.0.19041.2913)
Time: Sun May 21 14:46:06 2023 SE Asia Standard Time elapsed time: 7.008047 seconds (0d 0h 0m 7s)

---------------  T H R E A D  ---------------

Current thread (0x000002b2e2bec000):  VMThread "VM Thread" [stack: 0x000000fd1e200000,0x000000fd1e300000] [id=11648]

Stack: [0x000000fd1e200000,0x000000fd1e300000]
[error occurred during error reporting (printing stack bounds), id 0xc0000005, EXCEPTION_ACCESS_VIOLATION (0xc0000005) at pc=0x000002b2c9df0f2d]

Native frames: (J=compiled Java code, j=interpreted, Vv=VM code, C=native code)
V  [jvm.dll+0x62b5da]
V  [jvm.dll+0x7653df]
V  [jvm.dll+0x766a89]
V  [jvm.dll+0x767075]
V  [jvm.dll+0x76702b]
V  [jvm.dll+0x62aac3]
V  [jvm.dll+0x62b1d8]
C  [ntdll.dll+0xa23df]
C  [ntdll.dll+0x514a4]
C  [ntdll.dll+0xa0f0e]
C  0x000002b2c9df0f2d

VM_Operation (0x000000fd1dcf8c00): G1CollectForAllocation, mode: safepoint, requested by thread 0x000002b2c0f4d800


---------------  P R O C E S S  ---------------

Threads class SMR info:
_java_thread_list=0x000002b2e7e66320, length=11, elements={
0x000002b2c0f4d800, 0x000002b2e2c03000, 0x000002b2e2bf7800, 0x000002b2e3488800,
0x000002b2e348a800, 0x000002b2e348c000, 0x000002b2e3436000, 0x000002b2e3440800,
0x000002b2e2c0c800, 0x000002b2e35fe000, 0x000002b2e55d7800
}

Java Threads: ( => current thread )
  0x000002b2c0f4d800 JavaThread "main" [_thread_blocked, id=9532, stack(0x000000fd1dc00000,0x000000fd1dd00000)]
  0x000002b2e2c03000 JavaThread "Reference Handler" daemon [_thread_blocked, id=6872, stack(0x000000fd1e300000,0x000000fd1e400000)]
  0x000002b2e2bf7800 JavaThread "Finalizer" daemon [_thread_blocked, id=2356, stack(0x000000fd1e400000,0x000000fd1e500000)]
  0x000002b2e3488800 JavaThread "Signal Dispatcher" daemon [_thread_blocked, id=8392, stack(0x000000fd1e500000,0x000000fd1e600000)]
  0x000002b2e348a800 JavaThread "Attach Listener" daemon [_thread_blocked, id=5908, stack(0x000000fd1e600000,0x000000fd1e700000)]
  0x000002b2e348c000 JavaThread "Service Thread" daemon [_thread_blocked, id=7716, stack(0x000000fd1e700000,0x000000fd1e800000)]
  0x000002b2e3436000 JavaThread "C2 CompilerThread0" daemon [_thread_blocked, id=7528, stack(0x000000fd1e800000,0x000000fd1e900000)]
  0x000002b2e3440800 JavaThread "C1 CompilerThread0" daemon [_thread_blocked, id=4420, stack(0x000000fd1e900000,0x000000fd1ea00000)]
  0x000002b2e2c0c800 JavaThread "Sweeper thread" daemon [_thread_blocked, id=12080, stack(0x000000fd1ea00000,0x000000fd1eb00000)]
  0x000002b2e35fe000 JavaThread "Common-Cleaner" daemon [_thread_blocked, id=12440, stack(0x000000fd1ec00000,0x000000fd1ed00000)]
  0x000002b2e55d7800 JavaThread "C2 CompilerThread1" daemon [_thread_blocked, id=12736, stack(0x000000fd1ed00000,0x000000fd1ee00000)]

Other Threads:
=>0x000002b2e2bec000 VMThread "VM Thread" [stack: 0x000000fd1e200000,0x000000fd1e300000] [id=11648]
  0x000002b2e35f6800 WatcherThread [stack: 0x000000fd1eb00000,0x000000fd1ec00000] [id=2984]
  0x000002b2c0f63000 GCTaskThread "GC Thread#0" [stack: 0x000000fd1dd00000,0x000000fd1de00000] [id=1552]
  0x000002b2e3a87000 GCTaskThread "GC Thread#1" [stack: 0x000000fd1ee00000,0x000000fd1ef00000] [id=6120]
  0x000002b2e3a87800 GCTaskThread "GC Thread#2" [stack: 0x000000fd1ef00000,0x000000fd1f000000] [id=3908]
  0x000002b2e3a03800 GCTaskThread "GC Thread#3" [stack: 0x000000fd1f000000,0x000000fd1f100000] [id=3020]
  0x000002b2c0fa9000 ConcurrentGCThread "G1 Main Marker" [stack: 0x000000fd1de00000,0x000000fd1df00000] [id=3352]
  0x000002b2c0fac000 ConcurrentGCThread "G1 Conc#0" [stack: 0x000000fd1df00000,0x000000fd1e000000] [id=4836]
  0x000002b2c102d800 ConcurrentGCThread "G1 Refine#0" [stack: 0x000000fd1e000000,0x000000fd1e100000] [id=8828]
  0x000002b2e2a58800 ConcurrentGCThread "G1 Young RemSet Sampling" [stack: 0x000000fd1e100000,0x000000fd1e200000] [id=3528]

Threads with active compile tasks:

VM state:at safepoint (normal execution)

VM Mutex/Monitor currently owned by a thread:  ([mutex/lock_event])
[0x000002b2c0f491c0] Threads_lock - owner thread: 0x000002b2e2bec000
[0x000002b2c0f48ef0] Heap_lock - owner thread: 0x000002b2c0f4d800

Heap address: 0x0000000741800000, size: 3048 MB, Compressed Oops mode: Zero based, Oop shift amount: 3
Narrow klass base: 0x0000000800000000, Narrow klass shift: 0
Compressed class space size: 1073741824 Address: 0x0000000800000000

Heap:
 garbage-first heap   total 236544K, used 27648K [0x0000000741800000, 0x0000000800000000)
  region size 1024K, 7 young (7168K), 7 survivors (7168K)
 Metaspace       used 49635K, capacity 50223K, committed 50332K, reserved 1093632K
  class space    used 5899K, capacity 6170K, committed 6220K, reserved 1048576K
Heap Regions: E=young(eden), S=young(survivor), O=old, HS=humongous(starts), HC=humongous(continues), CS=collection set, F=free, A=archive, TAMS=top-at-mark-start (previous, next)
|   0|0x0000000741800000, 0x0000000741900000, 0x0000000741900000|100%|HS|  |TAMS 0x0000000741900000, 0x0000000741900000| Complete 
|   1|0x0000000741900000, 0x0000000741a00000, 0x0000000741a00000|100%|HC|  |TAMS 0x0000000741a00000, 0x0000000741a00000| Complete 
|   2|0x0000000741a00000, 0x0000000741b00000, 0x0000000741b00000|100%|HC|  |TAMS 0x0000000741b00000, 0x0000000741b00000| Complete 
|   3|0x0000000741b00000, 0x0000000741c00000, 0x0000000741c00000|100%| O|  |TAMS 0x0000000741c00000, 0x0000000741c00000| Untracked 
|   4|0x0000000741c00000, 0x0000000741d00000, 0x0000000741d00000|100%| O|  |TAMS 0x0000000741d00000, 0x0000000741d00000| Untracked 
|   5|0x0000000741d00000, 0x0000000741e00000, 0x0000000741e00000|100%|HS|  |TAMS 0x0000000741e00000, 0x0000000741e00000| Complete 
|   6|0x0000000741e00000, 0x0000000741f00000, 0x0000000741f00000|100%|HC|  |TAMS 0x0000000741f00000, 0x0000000741f00000| Complete 
|   7|0x0000000741f00000, 0x0000000742000000, 0x0000000742000000|100%|HC|  |TAMS 0x0000000742000000, 0x0000000742000000| Complete 
|   8|0x0000000742000000, 0x0000000742100000, 0x0000000742100000|100%|HS|  |TAMS 0x0000000742000000, 0x0000000742100000| Complete 
|   9|0x0000000742100000, 0x0000000742200000, 0x0000000742200000|100%|HC|  |TAMS 0x0000000742100000, 0x0000000742200000| Complete 
|  10|0x0000000742200000, 0x0000000742300000, 0x0000000742300000|100%| O|  |TAMS 0x0000000742300000, 0x0000000742300000| Untracked 
|  11|0x0000000742300000, 0x0000000742400000, 0x0000000742400000|100%| O|  |TAMS 0x0000000742400000, 0x0000000742400000| Untracked 
|  12|0x0000000742400000, 0x0000000742500000, 0x0000000742500000|100%| O|  |TAMS 0x0000000742500000, 0x0000000742500000| Untracked 
|  13|0x0000000742500000, 0x0000000742600000, 0x0000000742600000|100%| O|  |TAMS 0x0000000742600000, 0x0000000742600000| Untracked 
|  14|0x0000000742600000, 0x0000000742700000, 0x0000000742700000|100%| O|  |TAMS 0x0000000742700000, 0x0000000742700000| Untracked 
|  15|0x0000000742700000, 0x0000000742800000, 0x0000000742800000|100%| O|  |TAMS 0x0000000742800000, 0x0000000742800000| Untracked 
|  16|0x0000000742800000, 0x0000000742900000, 0x0000000742900000|100%| O|  |TAMS 0x0000000742900000, 0x0000000742900000| Untracked 
|  17|0x0000000742900000, 0x0000000742a00000, 0x0000000742a00000|100%| O|  |TAMS 0x0000000742a00000, 0x0000000742a00000| Untracked 
|  18|0x0000000742a00000, 0x0000000742b00000, 0x0000000742b00000|100%| O|  |TAMS 0x0000000742b00000, 0x0000000742b00000| Untracked 
|  19|0x0000000742b00000, 0x0000000742c00000, 0x0000000742c00000|100%| O|  |TAMS 0x0000000742c00000, 0x0000000742c00000| Untracked 
|  20|0x0000000742c00000, 0x0000000742c00000, 0x0000000742d00000|  0%| F|  |TAMS 0x0000000742c00000, 0x0000000742c00000| Untracked 
|  21|0x0000000742d00000, 0x0000000742d00000, 0x0000000742e00000|  0%| F|  |TAMS 0x0000000742d00000, 0x0000000742d00000| Untracked 
|  22|0x0000000742e00000, 0x0000000742e00000, 0x0000000742f00000|  0%| F|  |TAMS 0x0000000742e00000, 0x0000000742e00000| Untracked 
|  23|0x0000000742f00000, 0x0000000742f00000, 0x0000000743000000|  0%| F|  |TAMS 0x0000000742f00000, 0x0000000742f00000| Untracked 
|  24|0x0000000743000000, 0x0000000743000000, 0x0000000743100000|  0%| F|  |TAMS 0x0000000743000000, 0x0000000743000000| Untracked 
|  25|0x0000000743100000, 0x0000000743100000, 0x0000000743200000|  0%| F|  |TAMS 0x0000000743100000, 0x0000000743100000| Untracked 
|  26|0x0000000743200000, 0x0000000743200000, 0x0000000743300000|  0%| F|  |TAMS 0x0000000743200000, 0x0000000743200000| Untracked 
|  27|0x0000000743300000, 0x0000000743300000, 0x0000000743400000|  0%| F|  |TAMS 0x0000000743300000, 0x0000000743300000| Untracked 
|  28|0x0000000743400000, 0x0000000743400000, 0x0000000743500000|  0%| F|  |TAMS 0x0000000743400000, 0x0000000743400000| Untracked 
|  29|0x0000000743500000, 0x0000000743500000, 0x0000000743600000|  0%| F|  |TAMS 0x0000000743500000, 0x0000000743500000| Untracked 
|  30|0x0000000743600000, 0x0000000743600000, 0x0000000743700000|  0%| F|  |TAMS 0x0000000743600000, 0x0000000743600000| Untracked 
|  31|0x0000000743700000, 0x0000000743700000, 0x0000000743800000|  0%| F|  |TAMS 0x0000000743700000, 0x0000000743700000| Untracked 
|  32|0x0000000743800000, 0x0000000743800000, 0x0000000743900000|  0%| F|  |TAMS 0x0000000743800000, 0x0000000743800000| Untracked 
|  33|0x0000000743900000, 0x0000000743900000, 0x0000000743a00000|  0%| F|  |TAMS 0x0000000743900000, 0x0000000743900000| Untracked 
|  34|0x0000000743a00000, 0x0000000743a00000, 0x0000000743b00000|  0%| F|  |TAMS 0x0000000743a00000, 0x0000000743a00000| Untracked 
|  35|0x0000000743b00000, 0x0000000743b00000, 0x0000000743c00000|  0%| F|  |TAMS 0x0000000743b00000, 0x0000000743b00000| Untracked 
|  36|0x0000000743c00000, 0x0000000743c00000, 0x0000000743d00000|  0%| F|  |TAMS 0x0000000743c00000, 0x0000000743c00000| Untracked 
|  37|0x0000000743d00000, 0x0000000743d00000, 0x0000000743e00000|  0%| F|  |TAMS 0x0000000743d00000, 0x0000000743d00000| Untracked 
|  38|0x0000000743e00000, 0x0000000743e00000, 0x0000000743f00000|  0%| F|  |TAMS 0x0000000743e00000, 0x0000000743e00000| Untracked 
|  39|0x0000000743f00000, 0x0000000743f00000, 0x0000000744000000|  0%| F|  |TAMS 0x0000000743f00000, 0x0000000743f00000| Untracked 
|  40|0x0000000744000000, 0x0000000744000000, 0x0000000744100000|  0%| F|  |TAMS 0x0000000744000000, 0x0000000744000000| Untracked 
|  41|0x0000000744100000, 0x0000000744100000, 0x0000000744200000|  0%| F|  |TAMS 0x0000000744100000, 0x0000000744100000| Untracked 
|  42|0x0000000744200000, 0x0000000744200000, 0x0000000744300000|  0%| F|  |TAMS 0x0000000744200000, 0x0000000744200000| Untracked 
|  43|0x0000000744300000, 0x0000000744300000, 0x0000000744400000|  0%| F|  |TAMS 0x0000000744300000, 0x0000000744300000| Untracked 
|  44|0x0000000744400000, 0x0000000744400000, 0x0000000744500000|  0%| F|  |TAMS 0x0000000744400000, 0x0000000744400000| Untracked 
|  45|0x0000000744500000, 0x0000000744500000, 0x0000000744600000|  0%| F|  |TAMS 0x0000000744500000, 0x0000000744500000| Untracked 
|  46|0x0000000744600000, 0x0000000744600000, 0x0000000744700000|  0%| F|  |TAMS 0x0000000744600000, 0x0000000744600000| Untracked 
|  47|0x0000000744700000, 0x0000000744700000, 0x0000000744800000|  0%| F|  |TAMS 0x0000000744700000, 0x0000000744700000| Untracked 
|  48|0x0000000744800000, 0x0000000744800000, 0x0000000744900000|  0%| F|  |TAMS 0x0000000744800000, 0x0000000744800000| Untracked 
|  49|0x0000000744900000, 0x0000000744900000, 0x0000000744a00000|  0%| F|  |TAMS 0x0000000744900000, 0x0000000744900000| Untracked 
|  50|0x0000000744a00000, 0x0000000744a00000, 0x0000000744b00000|  0%| F|  |TAMS 0x0000000744a00000, 0x0000000744a00000| Untracked 
|  51|0x0000000744b00000, 0x0000000744b00000, 0x0000000744c00000|  0%| F|  |TAMS 0x0000000744b00000, 0x0000000744b00000| Untracked 
|  52|0x0000000744c00000, 0x0000000744c00000, 0x0000000744d00000|  0%| F|  |TAMS 0x0000000744c00000, 0x0000000744c00000| Untracked 
|  53|0x0000000744d00000, 0x0000000744d00000, 0x0000000744e00000|  0%| F|  |TAMS 0x0000000744d00000, 0x0000000744d00000| Untracked 
|  54|0x0000000744e00000, 0x0000000744e00000, 0x0000000744f00000|  0%| F|  |TAMS 0x0000000744e00000, 0x0000000744e00000| Untracked 
|  55|0x0000000744f00000, 0x0000000744f00000, 0x0000000745000000|  0%| F|  |TAMS 0x0000000744f00000, 0x0000000744f00000| Untracked 
|  56|0x0000000745000000, 0x0000000745000000, 0x0000000745100000|  0%| F|  |TAMS 0x0000000745000000, 0x0000000745000000| Untracked 
|  57|0x0000000745100000, 0x0000000745100000, 0x0000000745200000|  0%| F|  |TAMS 0x0000000745100000, 0x0000000745100000| Untracked 
|  58|0x0000000745200000, 0x0000000745200000, 0x0000000745300000|  0%| F|  |TAMS 0x0000000745200000, 0x0000000745200000| Untracked 
|  59|0x0000000745300000, 0x0000000745300000, 0x0000000745400000|  0%| F|  |TAMS 0x0000000745300000, 0x0000000745300000| Untracked 
|  60|0x0000000745400000, 0x0000000745400000, 0x0000000745500000|  0%| F|  |TAMS 0x0000000745400000, 0x0000000745400000| Untracked 
|  61|0x0000000745500000, 0x0000000745500000, 0x0000000745600000|  0%| F|  |TAMS 0x0000000745500000, 0x0000000745500000| Untracked 
|  62|0x0000000745600000, 0x0000000745600000, 0x0000000745700000|  0%| F|  |TAMS 0x0000000745600000, 0x0000000745600000| Untracked 
|  63|0x0000000745700000, 0x0000000745700000, 0x0000000745800000|  0%| F|  |TAMS 0x0000000745700000, 0x0000000745700000| Untracked 
|  64|0x0000000745800000, 0x0000000745800000, 0x0000000745900000|  0%| F|  |TAMS 0x0000000745800000, 0x0000000745800000| Untracked 
|  65|0x0000000745900000, 0x0000000745900000, 0x0000000745a00000|  0%| F|  |TAMS 0x0000000745900000, 0x0000000745900000| Untracked 
|  66|0x0000000745a00000, 0x0000000745a00000, 0x0000000745b00000|  0%| F|  |TAMS 0x0000000745a00000, 0x0000000745a00000| Untracked 
|  67|0x0000000745b00000, 0x0000000745b00000, 0x0000000745c00000|  0%| F|  |TAMS 0x0000000745b00000, 0x0000000745b00000| Untracked 
|  68|0x0000000745c00000, 0x0000000745c00000, 0x0000000745d00000|  0%| F|  |TAMS 0x0000000745c00000, 0x0000000745c00000| Untracked 
|  69|0x0000000745d00000, 0x0000000745d00000, 0x0000000745e00000|  0%| F|  |TAMS 0x0000000745d00000, 0x0000000745d00000| Untracked 
|  70|0x0000000745e00000, 0x0000000745e00000, 0x0000000745f00000|  0%| F|  |TAMS 0x0000000745e00000, 0x0000000745e00000| Untracked 
|  71|0x0000000745f00000, 0x0000000745f00000, 0x0000000746000000|  0%| F|  |TAMS 0x0000000745f00000, 0x0000000745f00000| Untracked 
|  72|0x0000000746000000, 0x0000000746000000, 0x0000000746100000|  0%| F|  |TAMS 0x0000000746000000, 0x0000000746000000| Untracked 
|  73|0x0000000746100000, 0x0000000746100000, 0x0000000746200000|  0%| F|  |TAMS 0x0000000746100000, 0x0000000746100000| Untracked 
|  74|0x0000000746200000, 0x0000000746200000, 0x0000000746300000|  0%| F|  |TAMS 0x0000000746200000, 0x0000000746200000| Untracked 
|  75|0x0000000746300000, 0x0000000746300000, 0x0000000746400000|  0%| F|  |TAMS 0x0000000746300000, 0x0000000746300000| Untracked 
|  76|0x0000000746400000, 0x0000000746400000, 0x0000000746500000|  0%| F|  |TAMS 0x0000000746400000, 0x0000000746400000| Untracked 
|  77|0x0000000746500000, 0x0000000746500000, 0x0000000746600000|  0%| F|  |TAMS 0x0000000746500000, 0x0000000746500000| Untracked 
|  78|0x0000000746600000, 0x0000000746600000, 0x0000000746700000|  0%| F|  |TAMS 0x0000000746600000, 0x0000000746600000| Untracked 
|  79|0x0000000746700000, 0x0000000746700000, 0x0000000746800000|  0%| F|  |TAMS 0x0000000746700000, 0x0000000746700000| Untracked 
|  80|0x0000000746800000, 0x0000000746800000, 0x0000000746900000|  0%| F|  |TAMS 0x0000000746800000, 0x0000000746800000| Untracked 
|  81|0x0000000746900000, 0x0000000746900000, 0x0000000746a00000|  0%| F|  |TAMS 0x0000000746900000, 0x0000000746900000| Untracked 
|  82|0x0000000746a00000, 0x0000000746a00000, 0x0000000746b00000|  0%| F|  |TAMS 0x0000000746a00000, 0x0000000746a00000| Untracked 
|  83|0x0000000746b00000, 0x0000000746b00000, 0x0000000746c00000|  0%| F|  |TAMS 0x0000000746b00000, 0x0000000746b00000| Untracked 
|  84|0x0000000746c00000, 0x0000000746c00000, 0x0000000746d00000|  0%| F|  |TAMS 0x0000000746c00000, 0x0000000746c00000| Untracked 
|  85|0x0000000746d00000, 0x0000000746d00000, 0x0000000746e00000|  0%| F|  |TAMS 0x0000000746d00000, 0x0000000746d00000| Untracked 
|  86|0x0000000746e00000, 0x0000000746e00000, 0x0000000746f00000|  0%| F|  |TAMS 0x0000000746e00000, 0x0000000746e00000| Untracked 
|  87|0x0000000746f00000, 0x0000000746f00000, 0x0000000747000000|  0%| F|  |TAMS 0x0000000746f00000, 0x0000000746f00000| Untracked 
|  88|0x0000000747000000, 0x0000000747000000, 0x0000000747100000|  0%| F|  |TAMS 0x0000000747000000, 0x0000000747000000| Untracked 
|  89|0x0000000747100000, 0x0000000747100000, 0x0000000747200000|  0%| F|  |TAMS 0x0000000747100000, 0x0000000747100000| Untracked 
|  90|0x0000000747200000, 0x0000000747200000, 0x0000000747300000|  0%| F|  |TAMS 0x0000000747200000, 0x0000000747200000| Untracked 
|  91|0x0000000747300000, 0x0000000747300000, 0x0000000747400000|  0%| F|  |TAMS 0x0000000747300000, 0x0000000747300000| Untracked 
|  92|0x0000000747400000, 0x0000000747400000, 0x0000000747500000|  0%| F|  |TAMS 0x0000000747400000, 0x0000000747400000| Untracked 
|  93|0x0000000747500000, 0x0000000747500000, 0x0000000747600000|  0%| F|  |TAMS 0x0000000747500000, 0x0000000747500000| Untracked 
|  94|0x0000000747600000, 0x0000000747600000, 0x0000000747700000|  0%| F|  |TAMS 0x0000000747600000, 0x0000000747600000| Untracked 
|  95|0x0000000747700000, 0x0000000747700000, 0x0000000747800000|  0%| F|  |TAMS 0x0000000747700000, 0x0000000747700000| Untracked 
|  96|0x0000000747800000, 0x0000000747800000, 0x0000000747900000|  0%| F|  |TAMS 0x0000000747800000, 0x0000000747800000| Untracked 
|  97|0x0000000747900000, 0x0000000747900000, 0x0000000747a00000|  0%| F|  |TAMS 0x0000000747900000, 0x0000000747900000| Untracked 
|  98|0x0000000747a00000, 0x0000000747a00000, 0x0000000747b00000|  0%| F|  |TAMS 0x0000000747a00000, 0x0000000747a00000| Untracked 
|  99|0x0000000747b00000, 0x0000000747b00000, 0x0000000747c00000|  0%| F|  |TAMS 0x0000000747b00000, 0x0000000747b00000| Untracked 
| 100|0x0000000747c00000, 0x0000000747c00000, 0x0000000747d00000|  0%| F|  |TAMS 0x0000000747c00000, 0x0000000747c00000| Untracked 
| 101|0x0000000747d00000, 0x0000000747d00000, 0x0000000747e00000|  0%| F|  |TAMS 0x0000000747d00000, 0x0000000747d00000| Untracked 
| 102|0x0000000747e00000, 0x0000000747e00000, 0x0000000747f00000|  0%| F|  |TAMS 0x0000000747e00000, 0x0000000747e00000| Untracked 
| 103|0x0000000747f00000, 0x0000000747f00000, 0x0000000748000000|  0%| F|  |TAMS 0x0000000747f00000, 0x0000000747f00000| Untracked 
| 104|0x0000000748000000, 0x0000000748000000, 0x0000000748100000|  0%| F|  |TAMS 0x0000000748000000, 0x0000000748000000| Untracked 
| 105|0x0000000748100000, 0x0000000748100000, 0x0000000748200000|  0%| F|  |TAMS 0x0000000748100000, 0x0000000748100000| Untracked 
| 106|0x0000000748200000, 0x0000000748200000, 0x0000000748300000|  0%| F|  |TAMS 0x0000000748200000, 0x0000000748200000| Untracked 
| 107|0x0000000748300000, 0x0000000748300000, 0x0000000748400000|  0%| F|  |TAMS 0x0000000748300000, 0x0000000748300000| Untracked 
| 108|0x0000000748400000, 0x0000000748400000, 0x0000000748500000|  0%| F|  |TAMS 0x0000000748400000, 0x0000000748400000| Untracked 
| 109|0x0000000748500000, 0x0000000748500000, 0x0000000748600000|  0%| F|  |TAMS 0x0000000748500000, 0x0000000748500000| Untracked 
| 110|0x0000000748600000, 0x0000000748600000, 0x0000000748700000|  0%| F|  |TAMS 0x0000000748600000, 0x0000000748600000| Untracked 
| 111|0x0000000748700000, 0x0000000748700000, 0x0000000748800000|  0%| F|  |TAMS 0x0000000748700000, 0x0000000748700000| Untracked 
| 112|0x0000000748800000, 0x0000000748800000, 0x0000000748900000|  0%| F|  |TAMS 0x0000000748800000, 0x0000000748800000| Untracked 
| 113|0x0000000748900000, 0x0000000748900000, 0x0000000748a00000|  0%| F|  |TAMS 0x0000000748900000, 0x0000000748900000| Untracked 
| 114|0x0000000748a00000, 0x0000000748a00000, 0x0000000748b00000|  0%| F|  |TAMS 0x0000000748a00000, 0x0000000748a00000| Untracked 
| 115|0x0000000748b00000, 0x0000000748b00000, 0x0000000748c00000|  0%| F|  |TAMS 0x0000000748b00000, 0x0000000748b00000| Untracked 
| 116|0x0000000748c00000, 0x0000000748c00000, 0x0000000748d00000|  0%| F|  |TAMS 0x0000000748c00000, 0x0000000748c00000| Untracked 
| 117|0x0000000748d00000, 0x0000000748d00000, 0x0000000748e00000|  0%| F|  |TAMS 0x0000000748d00000, 0x0000000748d00000| Untracked 
| 118|0x0000000748e00000, 0x0000000748e00000, 0x0000000748f00000|  0%| F|  |TAMS 0x0000000748e00000, 0x0000000748e00000| Untracked 
| 119|0x0000000748f00000, 0x0000000748f00000, 0x0000000749000000|  0%| F|  |TAMS 0x0000000748f00000, 0x0000000748f00000| Untracked 
| 120|0x0000000749000000, 0x0000000749000000, 0x0000000749100000|  0%| F|  |TAMS 0x0000000749000000, 0x0000000749000000| Untracked 
| 121|0x0000000749100000, 0x0000000749100000, 0x0000000749200000|  0%| F|  |TAMS 0x0000000749100000, 0x0000000749100000| Untracked 
| 122|0x0000000749200000, 0x0000000749200000, 0x0000000749300000|  0%| F|  |TAMS 0x0000000749200000, 0x0000000749200000| Untracked 
| 123|0x0000000749300000, 0x0000000749400000, 0x0000000749400000|100%| S|CS|TAMS 0x0000000749300000, 0x0000000749300000| Complete 
| 124|0x0000000749400000, 0x0000000749500000, 0x0000000749500000|100%| S|CS|TAMS 0x0000000749400000, 0x0000000749400000| Complete 
| 125|0x0000000749500000, 0x0000000749600000, 0x0000000749600000|100%| S|CS|TAMS 0x0000000749500000, 0x0000000749500000| Complete 
| 126|0x0000000749600000, 0x0000000749700000, 0x0000000749700000|100%| S|CS|TAMS 0x0000000749600000, 0x0000000749600000| Complete 
| 127|0x0000000749700000, 0x0000000749800000, 0x0000000749800000|100%| S|CS|TAMS 0x0000000749700000, 0x0000000749700000| Complete 
| 128|0x0000000749800000, 0x0000000749900000, 0x0000000749900000|100%| S|CS|TAMS 0x0000000749800000, 0x0000000749800000| Complete 
| 129|0x0000000749900000, 0x0000000749a00000, 0x0000000749a00000|100%| S|CS|TAMS 0x0000000749900000, 0x0000000749900000| Complete 
| 130|0x0000000749a00000, 0x0000000749a00000, 0x0000000749b00000|  0%| F|  |TAMS 0x0000000749a00000, 0x0000000749a00000| Untracked 
| 131|0x0000000749b00000, 0x0000000749b00000, 0x0000000749c00000|  0%| F|  |TAMS 0x0000000749b00000, 0x0000000749b00000| Untracked 
| 132|0x0000000749c00000, 0x0000000749c00000, 0x0000000749d00000|  0%| F|  |TAMS 0x0000000749c00000, 0x0000000749c00000| Untracked 
| 133|0x0000000749d00000, 0x0000000749d00000, 0x0000000749e00000|  0%| F|  |TAMS 0x0000000749d00000, 0x0000000749d00000| Untracked 
| 134|0x0000000749e00000, 0x0000000749e00000, 0x0000000749f00000|  0%| F|  |TAMS 0x0000000749e00000, 0x0000000749e00000| Untracked 
| 135|0x0000000749f00000, 0x0000000749f00000, 0x000000074a000000|  0%| F|  |TAMS 0x0000000749f00000, 0x0000000749f00000| Untracked 
| 136|0x000000074a000000, 0x000000074a000000, 0x000000074a100000|  0%| F|  |TAMS 0x000000074a000000, 0x000000074a000000| Untracked 
| 137|0x000000074a100000, 0x000000074a100000, 0x000000074a200000|  0%| F|  |TAMS 0x000000074a100000, 0x000000074a100000| Untracked 
| 138|0x000000074a200000, 0x000000074a200000, 0x000000074a300000|  0%| F|  |TAMS 0x000000074a200000, 0x000000074a200000| Untracked 
| 139|0x000000074a300000, 0x000000074a300000, 0x000000074a400000|  0%| F|  |TAMS 0x000000074a300000, 0x000000074a300000| Untracked 
| 140|0x000000074a400000, 0x000000074a400000, 0x000000074a500000|  0%| F|  |TAMS 0x000000074a400000, 0x000000074a400000| Untracked 
| 141|0x000000074a500000, 0x000000074a500000, 0x000000074a600000|  0%| F|  |TAMS 0x000000074a500000, 0x000000074a500000| Untracked 
| 142|0x000000074a600000, 0x000000074a600000, 0x000000074a700000|  0%| F|  |TAMS 0x000000074a600000, 0x000000074a600000| Untracked 
| 143|0x000000074a700000, 0x000000074a700000, 0x000000074a800000|  0%| F|  |TAMS 0x000000074a700000, 0x000000074a700000| Untracked 
| 144|0x000000074a800000, 0x000000074a800000, 0x000000074a900000|  0%| F|  |TAMS 0x000000074a800000, 0x000000074a800000| Untracked 
| 145|0x000000074a900000, 0x000000074a900000, 0x000000074aa00000|  0%| F|  |TAMS 0x000000074a900000, 0x000000074a900000| Untracked 
| 146|0x000000074aa00000, 0x000000074aa00000, 0x000000074ab00000|  0%| F|  |TAMS 0x000000074aa00000, 0x000000074aa00000| Untracked 
| 147|0x000000074ab00000, 0x000000074ab00000, 0x000000074ac00000|  0%| F|  |TAMS 0x000000074ab00000, 0x000000074ab00000| Untracked 
| 148|0x000000074ac00000, 0x000000074ac00000, 0x000000074ad00000|  0%| F|  |TAMS 0x000000074ac00000, 0x000000074ac00000| Untracked 
| 149|0x000000074ad00000, 0x000000074ad00000, 0x000000074ae00000|  0%| F|  |TAMS 0x000000074ad00000, 0x000000074ad00000| Untracked 
| 150|0x000000074ae00000, 0x000000074ae00000, 0x000000074af00000|  0%| F|  |TAMS 0x000000074ae00000, 0x000000074ae00000| Untracked 
| 151|0x000000074af00000, 0x000000074af00000, 0x000000074b000000|  0%| F|  |TAMS 0x000000074af00000, 0x000000074af00000| Untracked 
| 152|0x000000074b000000, 0x000000074b000000, 0x000000074b100000|  0%| F|  |TAMS 0x000000074b000000, 0x000000074b000000| Untracked 
| 153|0x000000074b100000, 0x000000074b100000, 0x000000074b200000|  0%| F|  |TAMS 0x000000074b100000, 0x000000074b100000| Untracked 
| 154|0x000000074b200000, 0x000000074b200000, 0x000000074b300000|  0%| F|  |TAMS 0x000000074b200000, 0x000000074b200000| Untracked 
| 155|0x000000074b300000, 0x000000074b300000, 0x000000074b400000|  0%| F|  |TAMS 0x000000074b300000, 0x000000074b300000| Untracked 
| 156|0x000000074b400000, 0x000000074b400000, 0x000000074b500000|  0%| F|  |TAMS 0x000000074b400000, 0x000000074b400000| Untracked 
| 157|0x000000074b500000, 0x000000074b500000, 0x000000074b600000|  0%| F|  |TAMS 0x000000074b500000, 0x000000074b500000| Untracked 
| 158|0x000000074b600000, 0x000000074b600000, 0x000000074b700000|  0%| F|  |TAMS 0x000000074b600000, 0x000000074b600000| Untracked 
| 159|0x000000074b700000, 0x000000074b700000, 0x000000074b800000|  0%| F|  |TAMS 0x000000074b700000, 0x000000074b700000| Untracked 
| 160|0x000000074b800000, 0x000000074b800000, 0x000000074b900000|  0%| F|  |TAMS 0x000000074b800000, 0x000000074b800000| Untracked 
| 161|0x000000074b900000, 0x000000074b900000, 0x000000074ba00000|  0%| F|  |TAMS 0x000000074b900000, 0x000000074b900000| Untracked 
| 162|0x000000074ba00000, 0x000000074ba00000, 0x000000074bb00000|  0%| F|  |TAMS 0x000000074ba00000, 0x000000074ba00000| Untracked 
| 163|0x000000074bb00000, 0x000000074bb00000, 0x000000074bc00000|  0%| F|  |TAMS 0x000000074bb00000, 0x000000074bb00000| Untracked 
| 164|0x000000074bc00000, 0x000000074bc00000, 0x000000074bd00000|  0%| F|  |TAMS 0x000000074bc00000, 0x000000074bc00000| Untracked 
| 165|0x000000074bd00000, 0x000000074bd00000, 0x000000074be00000|  0%| F|  |TAMS 0x000000074bd00000, 0x000000074bd00000| Untracked 
| 166|0x000000074be00000, 0x000000074be00000, 0x000000074bf00000|  0%| F|  |TAMS 0x000000074be00000, 0x000000074be00000| Untracked 
| 167|0x000000074bf00000, 0x000000074bf00000, 0x000000074c000000|  0%| F|  |TAMS 0x000000074bf00000, 0x000000074bf00000| Untracked 
| 168|0x000000074c000000, 0x000000074c000000, 0x000000074c100000|  0%| F|  |TAMS 0x000000074c000000, 0x000000074c000000| Untracked 
| 169|0x000000074c100000, 0x000000074c100000, 0x000000074c200000|  0%| F|  |TAMS 0x000000074c100000, 0x000000074c100000| Untracked 
| 170|0x000000074c200000, 0x000000074c200000, 0x000000074c300000|  0%| F|  |TAMS 0x000000074c200000, 0x000000074c200000| Untracked 
| 171|0x000000074c300000, 0x000000074c300000, 0x000000074c400000|  0%| F|  |TAMS 0x000000074c300000, 0x000000074c300000| Untracked 
| 172|0x000000074c400000, 0x000000074c400000, 0x000000074c500000|  0%| F|  |TAMS 0x000000074c400000, 0x000000074c400000| Untracked 
| 173|0x000000074c500000, 0x000000074c500000, 0x000000074c600000|  0%| F|  |TAMS 0x000000074c500000, 0x000000074c500000| Untracked 
| 174|0x000000074c600000, 0x000000074c600000, 0x000000074c700000|  0%| F|  |TAMS 0x000000074c600000, 0x000000074c600000| Untracked 
| 175|0x000000074c700000, 0x000000074c700000, 0x000000074c800000|  0%| F|  |TAMS 0x000000074c700000, 0x000000074c700000| Untracked 
| 176|0x000000074c800000, 0x000000074c800000, 0x000000074c900000|  0%| F|  |TAMS 0x000000074c800000, 0x000000074c800000| Untracked 
| 177|0x000000074c900000, 0x000000074c900000, 0x000000074ca00000|  0%| F|  |TAMS 0x000000074c900000, 0x000000074c900000| Untracked 
| 178|0x000000074ca00000, 0x000000074ca00000, 0x000000074cb00000|  0%| F|  |TAMS 0x000000074ca00000, 0x000000074ca00000| Untracked 
| 179|0x000000074cb00000, 0x000000074cb00000, 0x000000074cc00000|  0%| F|  |TAMS 0x000000074cb00000, 0x000000074cb00000| Untracked 
| 180|0x000000074cc00000, 0x000000074cc00000, 0x000000074cd00000|  0%| F|  |TAMS 0x000000074cc00000, 0x000000074cc00000| Untracked 
| 181|0x000000074cd00000, 0x000000074cd00000, 0x000000074ce00000|  0%| F|  |TAMS 0x000000074cd00000, 0x000000074cd00000| Untracked 
| 182|0x000000074ce00000, 0x000000074ce00000, 0x000000074cf00000|  0%| F|  |TAMS 0x000000074ce00000, 0x000000074ce00000| Untracked 
| 183|0x000000074cf00000, 0x000000074cf00000, 0x000000074d000000|  0%| F|  |TAMS 0x000000074cf00000, 0x000000074cf00000| Untracked 
| 184|0x000000074d000000, 0x000000074d000000, 0x000000074d100000|  0%| F|  |TAMS 0x000000074d000000, 0x000000074d000000| Untracked 
| 185|0x000000074d100000, 0x000000074d100000, 0x000000074d200000|  0%| F|  |TAMS 0x000000074d100000, 0x000000074d100000| Untracked 
| 186|0x000000074d200000, 0x000000074d200000, 0x000000074d300000|  0%| F|  |TAMS 0x000000074d200000, 0x000000074d200000| Untracked 
| 187|0x000000074d300000, 0x000000074d300000, 0x000000074d400000|  0%| F|  |TAMS 0x000000074d300000, 0x000000074d300000| Untracked 
| 188|0x000000074d400000, 0x000000074d400000, 0x000000074d500000|  0%| F|  |TAMS 0x000000074d400000, 0x000000074d400000| Untracked 
| 189|0x000000074d500000, 0x000000074d500000, 0x000000074d600000|  0%| F|  |TAMS 0x000000074d500000, 0x000000074d500000| Untracked 
| 190|0x000000074d600000, 0x000000074d600000, 0x000000074d700000|  0%| F|  |TAMS 0x000000074d600000, 0x000000074d600000| Untracked 
| 191|0x000000074d700000, 0x000000074d700000, 0x000000074d800000|  0%| F|  |TAMS 0x000000074d700000, 0x000000074d700000| Untracked 

Card table byte_map: [0x000002b2d9a20000,0x000002b2da020000] _byte_map_base: 0x000002b2d6014000

Marking Bits (Prev, Next): (CMBitMap*) 0x000002b2c0f9c3e8, (CMBitMap*) 0x000002b2c0f9c420
 Prev Bits: [0x000002b2da620000, 0x000002b2dd5c0000)
 Next Bits: [0x000002b2dd5c0000, 0x000002b2e0560000)

Polling page: 0x000002b2c1030000

Metaspace:

Usage:
  Non-class:     43.02 MB capacity,    42.71 MB (>99%) used,   238.86 KB ( <1%) free+waste,    78.31 KB ( <1%) overhead. 
      Class:      6.03 MB capacity,     5.76 MB ( 96%) used,   233.36 KB (  4%) free+waste,    37.38 KB ( <1%) overhead. 
       Both:     49.05 MB capacity,    48.47 MB ( 99%) used,   472.22 KB ( <1%) free+waste,   115.69 KB ( <1%) overhead. 

Virtual space:
  Non-class space:       44.00 MB reserved,      43.08 MB ( 98%) committed 
      Class space:        1.00 GB reserved,       6.07 MB ( <1%) committed 
             Both:        1.04 GB reserved,      49.15 MB (  5%) committed 

Chunk freelists:
   Non-Class:  0 bytes
       Class:  768 bytes
        Both:  768 bytes

CodeHeap 'non-profiled nmethods': size=120064Kb used=1515Kb max_used=1515Kb free=118548Kb
 bounds [0x000002b2d18b0000, 0x000002b2d1b20000, 0x000002b2d8df0000]
CodeHeap 'profiled nmethods': size=120000Kb used=7771Kb max_used=7771Kb free=112228Kb
 bounds [0x000002b2ca380000, 0x000002b2cab20000, 0x000002b2d18b0000]
CodeHeap 'non-nmethods': size=5696Kb used=1203Kb max_used=1273Kb free=4492Kb
 bounds [0x000002b2c9df0000, 0x000002b2ca060000, 0x000002b2ca380000]
 total_blobs=4194 nmethods=3641 adapters=464
 compilation: enabled
              stopped_count=0, restarted_count=0
 full_count=0

Compilation events (10 events):
Event: 6.960 Thread 0x000002b2e3440800 nmethod 3644 0x000002b2cab15210 code [0x000002b2cab153a0, 0x000002b2cab154d8]
Event: 6.963 Thread 0x000002b2e3436000 nmethod 3636 0x000002b2d1a29a90 code [0x000002b2d1a29c20, 0x000002b2d1a2a238]
Event: 6.964 Thread 0x000002b2e55d7800 3645       4       org.jetbrains.kotlin.com.intellij.psi.impl.source.tree.TreeElement::getElementType (14 bytes)
Event: 6.965 Thread 0x000002b2e55d7800 nmethod 3645 0x000002b2d1a2a490 code [0x000002b2d1a2a600, 0x000002b2d1a2a678]
Event: 6.968 Thread 0x000002b2e3440800 3646       3       java.lang.reflect.Constructor::setAccessible (21 bytes)
Event: 6.968 Thread 0x000002b2e3440800 nmethod 3646 0x000002b2cab15590 code [0x000002b2cab157a0, 0x000002b2cab15e18]
Event: 6.968 Thread 0x000002b2e3440800 3647       3       java.lang.reflect.Constructor::checkCanSetAccessible (29 bytes)
Event: 6.969 Thread 0x000002b2e3440800 nmethod 3647 0x000002b2cab16090 code [0x000002b2cab16260, 0x000002b2cab16538]
Event: 6.974 Thread 0x000002b2e3440800 3650       3       jdk.internal.org.objectweb.asm.AnnotationWriter::put (109 bytes)
Event: 6.974 Thread 0x000002b2e3440800 nmethod 3650 0x000002b2cab16690 code [0x000002b2cab16880, 0x000002b2cab16cb8]

GC Heap History (9 events):
Event: 0.701 GC heap before
{Heap before GC invocations=0 (full 0):
 garbage-first heap   total 196608K, used 17408K [0x0000000741800000, 0x0000000800000000)
  region size 1024K, 14 young (14336K), 0 survivors (0K)
 Metaspace       used 9675K, capacity 9808K, committed 9856K, reserved 1058816K
  class space    used 831K, capacity 885K, committed 896K, reserved 1048576K
}
Event: 0.705 GC heap after
{Heap after GC invocations=1 (full 0):
 garbage-first heap   total 196608K, used 5313K [0x0000000741800000, 0x0000000800000000)
  region size 1024K, 2 young (2048K), 2 survivors (2048K)
 Metaspace       used 9675K, capacity 9808K, committed 9856K, reserved 1058816K
  class space    used 831K, capacity 885K, committed 896K, reserved 1048576K
}
Event: 1.990 GC heap before
{Heap before GC invocations=1 (full 0):
 garbage-first heap   total 196608K, used 52417K [0x0000000741800000, 0x0000000800000000)
  region size 1024K, 49 young (50176K), 2 survivors (2048K)
 Metaspace       used 20903K, capacity 21084K, committed 21296K, reserved 1069056K
  class space    used 2244K, capacity 2312K, committed 2432K, reserved 1048576K
}
Event: 2.002 GC heap after
{Heap after GC invocations=2 (full 0):
 garbage-first heap   total 196608K, used 9149K [0x0000000741800000, 0x0000000800000000)
  region size 1024K, 6 young (6144K), 6 survivors (6144K)
 Metaspace       used 20903K, capacity 21084K, committed 21296K, reserved 1069056K
  class space    used 2244K, capacity 2312K, committed 2432K, reserved 1048576K
}
Event: 3.839 GC heap before
{Heap before GC invocations=3 (full 0):
 garbage-first heap   total 196608K, used 63421K [0x0000000741800000, 0x0000000800000000)
  region size 1024K, 54 young (55296K), 6 survivors (6144K)
 Metaspace       used 32405K, capacity 32752K, committed 32944K, reserved 1077248K
  class space    used 4098K, capacity 4278K, committed 4352K, reserved 1048576K
}
Event: 3.857 GC heap after
{Heap after GC invocations=4 (full 0):
 garbage-first heap   total 196608K, used 20977K [0x0000000741800000, 0x0000000800000000)
  region size 1024K, 7 young (7168K), 7 survivors (7168K)
 Metaspace       used 32405K, capacity 32752K, committed 32944K, reserved 1077248K
  class space    used 4098K, capacity 4278K, committed 4352K, reserved 1048576K
}
Event: 4.394 GC heap before
{Heap before GC invocations=4 (full 0):
 garbage-first heap   total 196608K, used 36337K [0x0000000741800000, 0x0000000800000000)
  region size 1024K, 23 young (23552K), 7 survivors (7168K)
 Metaspace       used 35518K, capacity 35852K, committed 35920K, reserved 1081344K
  class space    used 4430K, capacity 4607K, committed 4608K, reserved 1048576K
}
Event: 4.405 GC heap after
{Heap after GC invocations=5 (full 0):
 garbage-first heap   total 196608K, used 20751K [0x0000000741800000, 0x0000000800000000)
  region size 1024K, 3 young (3072K), 3 survivors (3072K)
 Metaspace       used 35518K, capacity 35852K, committed 35920K, reserved 1081344K
  class space    used 4430K, capacity 4607K, committed 4608K, reserved 1048576K
}
Event: 6.975 GC heap before
{Heap before GC invocations=6 (full 0):
 garbage-first heap   total 196608K, used 83215K [0x0000000741800000, 0x0000000800000000)
  region size 1024K, 62 young (63488K), 3 survivors (3072K)
 Metaspace       used 49635K, capacity 50223K, committed 50332K, reserved 1093632K
  class space    used 5899K, capacity 6170K, committed 6220K, reserved 1048576K
}

Deoptimization events (10 events):
Event: 6.248 Thread 0x000002b2c0f4d800 Uncommon trap: reason=class_check action=maybe_recompile pc=0x000002b2d19ddc98 method=java.lang.Character.codePointAt(Ljava/lang/CharSequence;I)I @ 2 c2
Event: 6.248 Thread 0x000002b2c0f4d800 Uncommon trap: reason=class_check action=maybe_recompile pc=0x000002b2d19ddc98 method=java.lang.Character.codePointAt(Ljava/lang/CharSequence;I)I @ 2 c2
Event: 6.248 Thread 0x000002b2c0f4d800 Uncommon trap: reason=class_check action=maybe_recompile pc=0x000002b2d19ddc98 method=java.lang.Character.codePointAt(Ljava/lang/CharSequence;I)I @ 2 c2
Event: 6.451 Thread 0x000002b2c0f4d800 Uncommon trap: reason=bimorphic_or_optimized_type_check action=maybe_recompile pc=0x000002b2d199d218 method=java.util.Collections$UnmodifiableCollection.size()I @ 4 c2
Event: 6.451 Thread 0x000002b2c0f4d800 Uncommon trap: reason=bimorphic_or_optimized_type_check action=maybe_recompile pc=0x000002b2d199d218 method=java.util.Collections$UnmodifiableCollection.size()I @ 4 c2
Event: 6.512 Thread 0x000002b2c0f4d800 Uncommon trap: reason=bimorphic_or_optimized_type_check action=maybe_recompile pc=0x000002b2d199d218 method=java.util.Collections$UnmodifiableCollection.size()I @ 4 c2
Event: 6.898 Thread 0x000002b2c0f4d800 Uncommon trap: reason=bimorphic_or_optimized_type_check action=maybe_recompile pc=0x000002b2d1a1fe88 method=org.jetbrains.kotlin.com.intellij.psi.impl.source.tree.SharedImplUtil.findFileElement(Lorg/jetbrains/kotlin/com/intellij/lang/ASTNode;)Lorg/jetbrai
Event: 6.898 Thread 0x000002b2c0f4d800 Uncommon trap: reason=bimorphic_or_optimized_type_check action=maybe_recompile pc=0x000002b2d1a1fe88 method=org.jetbrains.kotlin.com.intellij.psi.impl.source.tree.SharedImplUtil.findFileElement(Lorg/jetbrains/kotlin/com/intellij/lang/ASTNode;)Lorg/jetbrai
Event: 6.898 Thread 0x000002b2c0f4d800 Uncommon trap: reason=bimorphic_or_optimized_type_check action=maybe_recompile pc=0x000002b2d1a1fe88 method=org.jetbrains.kotlin.com.intellij.psi.impl.source.tree.SharedImplUtil.findFileElement(Lorg/jetbrains/kotlin/com/intellij/lang/ASTNode;)Lorg/jetbrai
Event: 6.898 Thread 0x000002b2c0f4d800 Uncommon trap: reason=bimorphic_or_optimized_type_check action=maybe_recompile pc=0x000002b2d1a1fe88 method=org.jetbrains.kotlin.com.intellij.psi.impl.source.tree.SharedImplUtil.findFileElement(Lorg/jetbrains/kotlin/com/intellij/lang/ASTNode;)Lorg/jetbrai

Classes redefined (0 events):
No events

Internal exceptions (10 events):
Event: 2.441 Thread 0x000002b2c0f4d800 Exception <a 'java/lang/NoSuchMethodError'{0x000000074ca4ecd0}: java.lang.invoke.DirectMethodHandle$Holder.invokeStatic(Ljava/lang/Object;Ljava/lang/Object;Ljava/lang/Object;Ljava/lang/Object;)V> (0x000000074ca4ecd0) thrown at [./open/src/hotspot/share/in
Event: 2.541 Thread 0x000002b2c0f4d800 Exception <a 'java/lang/NoSuchMethodError'{0x000000074c630c30}: java.lang.invoke.DirectMethodHandle$Holder.invokeStaticInit(Ljava/lang/Object;Ljava/lang/Object;)V> (0x000000074c630c30) thrown at [./open/src/hotspot/share/interpreter/linkResolver.cpp, line
Event: 2.696 Thread 0x000002b2c0f4d800 Exception <a 'java/lang/NoSuchMethodError'{0x000000074c24cb80}: java.lang.invoke.DirectMethodHandle$Holder.invokeVirtual(Ljava/lang/Object;Ljava/lang/Object;)V> (0x000000074c24cb80) thrown at [./open/src/hotspot/share/interpreter/linkResolver.cpp, line 77
Event: 2.706 Thread 0x000002b2c0f4d800 Exception <a 'java/lang/NoSuchMethodError'{0x000000074c2ca758}: java.lang.invoke.DirectMethodHandle$Holder.invokeVirtual(Ljava/lang/Object;Ljava/lang/Object;)I> (0x000000074c2ca758) thrown at [./open/src/hotspot/share/interpreter/linkResolver.cpp, line 77
Event: 4.095 Thread 0x000002b2c0f4d800 Exception <a 'java/lang/NoSuchMethodError'{0x000000074d043830}: java.lang.invoke.DirectMethodHandle$Holder.invokeVirtual(Ljava/lang/Object;Ljava/lang/Object;Ljava/lang/Object;)Ljava/lang/Object;> (0x000000074d043830) thrown at [./open/src/hotspot/share/in
Event: 5.547 Thread 0x000002b2c0f4d800 Exception <a 'java/lang/NoSuchMethodError'{0x000000074b479ba8}: java.lang.invoke.Invokers$Holder.linkToTargetMethod(Ljava/lang/Object;ILjava/lang/Object;)Ljava/lang/Object;> (0x000000074b479ba8) thrown at [./open/src/hotspot/share/interpreter/linkResolver
Event: 5.765 Thread 0x000002b2c0f4d800 Exception <a 'java/lang/NoSuchMethodError'{0x000000074b107f40}: java.lang.invoke.DirectMethodHandle$Holder.invokeStatic(Ljava/lang/Object;Ljava/lang/Object;Ljava/lang/Object;I)Ljava/lang/Object;> (0x000000074b107f40) thrown at [./open/src/hotspot/share/in
Event: 5.766 Thread 0x000002b2c0f4d800 Exception <a 'java/lang/NoSuchMethodError'{0x000000074b10bbb0}: java.lang.invoke.DirectMethodHandle$Holder.invokeSpecial(Ljava/lang/Object;Ljava/lang/Object;Ljava/lang/Object;Ljava/lang/Object;I)Ljava/lang/Object;> (0x000000074b10bbb0) thrown at [./open/s
Event: 5.766 Thread 0x000002b2c0f4d800 Exception <a 'java/lang/NoSuchMethodError'{0x000000074b10eeb8}: java.lang.invoke.Invokers$Holder.linkToTargetMethod(Ljava/lang/Object;Ljava/lang/Object;ILjava/lang/Object;)Ljava/lang/Object;> (0x000000074b10eeb8) thrown at [./open/src/hotspot/share/interp
Event: 6.974 Thread 0x000002b2c0f4d800 Exception <a 'java/lang/NoSuchMethodError'{0x0000000749afb878}: java.lang.invoke.DirectMethodHandle$Holder.invokeSpecial(Ljava/lang/Object;Ljava/lang/Object;Ljava/lang/Object;Ljava/lang/Object;Ljava/lang/Object;I)Ljava/lang/Object;> (0x0000000749afb878) t

Events (10 events):
Event: 6.972 loading class org/jetbrains/kotlin/com/intellij/psi/impl/source/PsiJavaCodeReferenceElementImpl$OurGenericsResolver done
Event: 6.973 loading class org/jetbrains/kotlin/com/intellij/psi/impl/source/resolve/ResolveCache$2
Event: 6.973 loading class org/jetbrains/kotlin/com/intellij/psi/impl/source/resolve/ResolveCache$2 done
Event: 6.973 loading class org/jetbrains/kotlin/com/intellij/psi/impl/source/resolve/ResolveCache$PolyVariantContextResolver
Event: 6.973 loading class org/jetbrains/kotlin/com/intellij/psi/impl/source/resolve/ResolveCache$PolyVariantContextResolver done
Event: 6.973 loading class org/jetbrains/kotlin/com/intellij/psi/ResolveResult
Event: 6.973 loading class org/jetbrains/kotlin/com/intellij/psi/ResolveResult done
Event: 6.974 loading class org/jetbrains/kotlin/com/intellij/psi/impl/source/resolve/ResolveCache$PolyVariantContextResolver
Event: 6.974 loading class org/jetbrains/kotlin/com/intellij/psi/impl/source/resolve/ResolveCache$PolyVariantContextResolver done
Event: 6.975 Executing VM operation: G1CollectForAllocation


Dynamic libraries:
0x00007ff7326e0000 - 0x00007ff7326ef000 	D:\JAVA\bin\java.exe
0x00007ffd4e670000 - 0x00007ffd4e868000 	C:\WINDOWS\SYSTEM32\ntdll.dll
0x00007ffd4c6d0000 - 0x00007ffd4c78f000 	C:\WINDOWS\System32\KERNEL32.DLL
0x00007ffd4bf90000 - 0x00007ffd4c286000 	C:\WINDOWS\System32\KERNELBASE.dll
0x00007ffd4bd50000 - 0x00007ffd4be50000 	C:\WINDOWS\System32\ucrtbase.dll
0x00007ffd46df0000 - 0x00007ffd46e08000 	D:\JAVA\bin\jli.dll
0x00007ffd4c870000 - 0x00007ffd4c91f000 	C:\WINDOWS\System32\ADVAPI32.dll
0x00007ffd4d700000 - 0x00007ffd4d79e000 	C:\WINDOWS\System32\msvcrt.dll
0x00007ffd4d930000 - 0x00007ffd4d9cc000 	C:\WINDOWS\System32\sechost.dll
0x00007ffd4d7a0000 - 0x00007ffd4d8c6000 	C:\WINDOWS\System32\RPCRT4.dll
0x00007ffd4d230000 - 0x00007ffd4d3cd000 	C:\WINDOWS\System32\USER32.dll
0x00007ffd4c420000 - 0x00007ffd4c442000 	C:\WINDOWS\System32\win32u.dll
0x00007ffd4dd40000 - 0x00007ffd4dd6c000 	C:\WINDOWS\System32\GDI32.dll
0x00007ffd4c300000 - 0x00007ffd4c415000 	C:\WINDOWS\System32\gdi32full.dll
0x00007ffd4c630000 - 0x00007ffd4c6cd000 	C:\WINDOWS\System32\msvcp_win.dll
0x00007ffd39f10000 - 0x00007ffd39f25000 	D:\JAVA\bin\VCRUNTIME140.dll
0x00007ffd2d390000 - 0x00007ffd2d62a000 	C:\WINDOWS\WinSxS\amd64_microsoft.windows.common-controls_6595b64144ccf1df_6.0.19041.1110_none_60b5254171f9507e\COMCTL32.dll
0x00007ffd45120000 - 0x00007ffd4512a000 	C:\WINDOWS\SYSTEM32\VERSION.dll
0x00007ffd4dd10000 - 0x00007ffd4dd40000 	C:\WINDOWS\System32\IMM32.DLL
0x00007ffd18de0000 - 0x00007ffd18e7b000 	D:\JAVA\bin\msvcp140.dll
0x00007ffce9610000 - 0x00007ffcea12a000 	D:\JAVA\bin\server\jvm.dll
0x00007ffd4d070000 - 0x00007ffd4d078000 	C:\WINDOWS\System32\PSAPI.DLL
0x00007ffd39cd0000 - 0x00007ffd39cd9000 	C:\WINDOWS\SYSTEM32\WSOCK32.dll
0x00007ffd4dd70000 - 0x00007ffd4dddb000 	C:\WINDOWS\System32\WS2_32.dll
0x00007ffd254a0000 - 0x00007ffd254c7000 	C:\WINDOWS\SYSTEM32\WINMM.dll
0x00007ffd4a840000 - 0x00007ffd4a852000 	C:\WINDOWS\SYSTEM32\kernel.appcore.dll
0x00007ffd46eb0000 - 0x00007ffd46ec0000 	D:\JAVA\bin\verify.dll
0x00007ffd4a270000 - 0x00007ffd4a454000 	C:\WINDOWS\SYSTEM32\DBGHELP.DLL
0x00007ffd326c0000 - 0x00007ffd326f4000 	C:\WINDOWS\SYSTEM32\dbgcore.DLL
0x00007ffd4bf00000 - 0x00007ffd4bf82000 	C:\WINDOWS\System32\bcryptPrimitives.dll
0x00007ffd32110000 - 0x00007ffd32138000 	D:\JAVA\bin\java.dll
0x00007ffd46a80000 - 0x00007ffd46a8a000 	D:\JAVA\bin\jimage.dll
0x00007ffd375b0000 - 0x00007ffd375c6000 	D:\JAVA\bin\zip.dll
0x00007ffd4c920000 - 0x00007ffd4d064000 	C:\WINDOWS\System32\SHELL32.dll
0x00007ffd49ac0000 - 0x00007ffd4a253000 	C:\WINDOWS\SYSTEM32\windows.storage.dll
0x00007ffd4e270000 - 0x00007ffd4e5c4000 	C:\WINDOWS\System32\combase.dll
0x00007ffd4b7b0000 - 0x00007ffd4b7de000 	C:\WINDOWS\SYSTEM32\Wldp.dll
0x00007ffd4dad0000 - 0x00007ffd4db7d000 	C:\WINDOWS\System32\SHCORE.dll
0x00007ffd4d9e0000 - 0x00007ffd4da35000 	C:\WINDOWS\System32\shlwapi.dll
0x00007ffd4bc90000 - 0x00007ffd4bcaf000 	C:\WINDOWS\SYSTEM32\profapi.dll
0x00007ffd32480000 - 0x00007ffd32499000 	D:\JAVA\bin\net.dll
0x00007ffd43790000 - 0x00007ffd4389a000 	C:\WINDOWS\SYSTEM32\WINHTTP.dll
0x00007ffd4b510000 - 0x00007ffd4b57a000 	C:\WINDOWS\system32\mswsock.dll
0x00007ffd32440000 - 0x00007ffd32452000 	D:\JAVA\bin\nio.dll

dbghelp: loaded successfully - version: 4.0.5 - missing functions: none
symbol engine: initialized successfully - sym options: 0x614 - pdb path: .;D:\JAVA\bin;C:\WINDOWS\SYSTEM32;C:\WINDOWS\WinSxS\amd64_microsoft.windows.common-controls_6595b64144ccf1df_6.0.19041.1110_none_60b5254171f9507e;D:\JAVA\bin\server

VM Arguments:
java_command: org.jetbrains.kotlin.cli.jvm.K2JVMCompiler @E:\AI-PBL\PBL\deepfake\node_modules\react-native-safe-area-context\android\build\20230521_13646238924706953139.compiler.options
java_class_path (initial): C:\Users\PC\.gradle\caches\modules-2\files-2.1\org.jetbrains.kotlin\kotlin-compiler-embeddable\1.6.20\18f66cca4301c12893ebe4ef47d65c3d9d2bff9b\kotlin-compiler-embeddable-1.6.20.jar;C:\Users\PC\.gradle\caches\modules-2\files-2.1\org.jetbrains.kotlin\kotlin-reflect\1.6.20\669965154723f1a712e8677af0cc5470dfdab81c\kotlin-reflect-1.6.20.jar;C:\Users\PC\.gradle\caches\modules-2\files-2.1\org.jetbrains.kotlin\kotlin-stdlib\1.6.20\6cedc143badbb4f1c6b7f5a340b04edff1743208\kotlin-stdlib-1.6.20.jar;C:\Users\PC\.gradle\caches\modules-2\files-2.1\org.jetbrains.kotlin\kotlin-script-runtime\1.6.20\a115c367e0fd9c8909293b208689afca0c88a6f1\kotlin-script-runtime-1.6.20.jar;C:\Users\PC\.gradle\caches\modules-2\files-2.1\org.jetbrains.kotlin\kotlin-daemon-embeddable\1.6.20\d4cac343029f48f106c57f457384771165d7deb5\kotlin-daemon-embeddable-1.6.20.jar;C:\Users\PC\.gradle\caches\modules-2\files-2.1\org.jetbrains.intellij.deps\trove4j\1.0.20200330\3afb14d5f9ceb459d724e907a21145e8ff394f02\trove4j-1.0.20200330.jar;C:\Users\PC\.gradle\caches\modules-2\files-2.1\net.java.dev.jna\jna\5.6.0\330f2244e9030119ab3030fc3fededc86713d9cc\jna-5.6.0.jar;C:\Users\PC\.gradle\caches\modules-2\files-2.1\org.jetbrains.kotlin\kotlin-stdlib-common\1.6.20\27b4562b6713d70f458c6d7ea39aadacb8e6a92b\kotlin-stdlib-common-1.6.20.jar;C:\Users\PC\.gradle\caches\modules-2\files-2.1\org.jetbrains\annotations\13.0\919f0dfe192fb4e063e7dacadee7f8bb9a2672a9\annotations-13.0.jar
Launcher Type: SUN_STANDARD

[Global flags]
     intx CICompilerCount                          = 3                                         {product} {ergonomic}
     uint ConcGCThreads                            = 1                                         {product} {ergonomic}
     uint G1ConcRefinementThreads                  = 4                                         {product} {ergonomic}
   size_t G1HeapRegionSize                         = 1048576                                   {product} {ergonomic}
    uintx GCDrainStackTargetSize                   = 64                                        {product} {ergonomic}
   size_t InitialHeapSize                          = 201326592                                 {product} {ergonomic}
   size_t MarkStackSize                            = 4194304                                   {product} {ergonomic}
   size_t MaxHeapSize                              = 3196059648                                {product} {ergonomic}
   size_t MaxNewSize                               = 1916796928                                {product} {ergonomic}
   size_t MinHeapDeltaBytes                        = 1048576                                   {product} {ergonomic}
    uintx NonNMethodCodeHeapSize                   = 5830732                                {pd product} {ergonomic}
    uintx NonProfiledCodeHeapSize                  = 122913754                              {pd product} {ergonomic}
    uintx ProfiledCodeHeapSize                     = 122913754                              {pd product} {ergonomic}
    uintx ReservedCodeCacheSize                    = 251658240                              {pd product} {ergonomic}
     bool SegmentedCodeCache                       = true                                      {product} {ergonomic}
     bool UseCompressedClassPointers               = true                                 {lp64_product} {ergonomic}
     bool UseCompressedOops                        = true                                 {lp64_product} {ergonomic}
     bool UseG1GC                                  = true                                      {product} {ergonomic}
     bool UseLargePagesIndividualAllocation        = false                                  {pd product} {ergonomic}

Logging:
Log output configuration:
 #0: stdout all=warning uptime,level,tags
 #1: stderr all=off uptime,level,tags

Environment Variables:
JAVA_HOME=D:\JAVA
CLASSPATH=E:\AI-PBL\PBL\deepfake\android\\gradle\wrapper\gradle-wrapper.jar
PATH=E:\AI-PBL\PBL\deepfake\android\node_modules\.bin;E:\AI-PBL\PBL\deepfake\node_modules\.bin;E:\AI-PBL\PBL\node_modules\.bin;E:\AI-PBL\node_modules\.bin;E:\node_modules\.bin;D:\T\Node;E:\AI-PBL\PBL\deepfake\node_modules\.bin;E:\AI-PBL\PBL\node_modules\.bin;E:\AI-PBL\node_modules\.bin;E:\node_modules\.bin;C:\Users\PC\AppData\Roaming\npm\node_modules\npm\node_modules\@npmcli\run-script\lib\node-gyp-bin;E:\AI-PBL\PBL\deepfake\node_modules\.bin;E:\AI-PBL\PBL\deepfake\node_modules\.bin;E:\AI-PBL\PBL\node_modules\.bin;E:\AI-PBL\node_modules\.bin;E:\node_modules\.bin;D:\T\Node;E:\AI-PBL\PBL\deepfake\node_modules\.bin;E:\AI-PBL\PBL\node_modules\.bin;E:\AI-PBL\node_modules\.bin;E:\node_modules\.bin;C:\Users\PC\AppData\Roaming\npm\node_modules\npm\node_modules\@npmcli\run-script\lib\node-gyp-bin;D:\html\DANATEQ\ReactNative\SDK_ANDROID\platform-tools;C:\Program Files\Common Files\Oracle\Java\javapath;C:\Program Files (x86)\Common Files\Oracle\Java\javapath;D:\WTD\PYTHON\Scripts\;D:\WTD\PYTHON\;C:\Program Files\Microsoft MPI\Bin\;C:\WINDOWS\system32;C:\WINDOWS;C:\WINDOWS\System32\Wbem;C:\WINDOWS\System32\WindowsPowerShell\v1.0\;C:\WINDOWS\System32\OpenSSH\;C:\Program Files (x86)\mingw-w64\i686-8.1.0-posix-dwarf-rt_v6-rev0\mingw32\bin;C:\Program Files\dotnet\;C:\Program Files (x86)\dotnet\;C:\Program Files\Azure Data Studio\bin;D:\MATLAB_Runtime_R2021a_win64\MATLAB\v910\runtime\win64;D:\JAVA\bin;C:\hadoop\hadoop-2.6.0;C:\hadoop\hadoop-2.6.0\bin;C:\hadoop\hadoop-2.6.0\sbin;D:\D\GIT\Git1\cmd;C:\sqlite3;E:\XAMPP\php;C:\Users\PC\AppData\Roaming\nvm;D:\T\Node;D:\T\Node\;D:\html\DANATEQ\ReactNative\SDK_ANDROID\platform-tools;C:\Users\PC\AppData\Local\Microsoft\WindowsApps;C:\Users\PC\AppData\Local\Programs\Microsoft VS Code\bin;C:\Program Files (x86)\mingw-w64\i686-8.1.0-posix-dwarf-rt_v6-rev0\mingw32\bin;C:\Users\PC\.dotnet\tools;C:\Users\PC\AppData\Local\GitHubDesktop\bin;C:\Program Files\Azure Data Studio\bin;C:\Users\PC\AppData\Roaming\nvm;D:\T\Node;C:\Users\PC\AppData\Roaming\npm;
USERNAME=PC
OS=Windows_NT
PROCESSOR_IDENTIFIER=Intel64 Family 6 Model 78 Stepping 3, GenuineIntel



---------------  S Y S T E M  ---------------

OS: Windows 10 , 64 bit Build 19041 (10.0.19041.2913)

CPU:total 4 (initial active 4) (2 cores per cpu, 2 threads per core) family 6 model 78 stepping 3 microcode 0xcc, cmov, cx8, fxsr, mmx, sse, sse2, sse3, ssse3, sse4.1, sse4.2, popcnt, avx, avx2, aes, clmul, erms, 3dnowpref, lzcnt, ht, tsc, tscinvbit, bmi1, bmi2, adx, fma

Memory: 4k page, system-wide physical 12187M (868M free)
TotalPageFile size 15187M (AvailPageFile size 16M)
current process WorkingSet (physical memory assigned to process): 256M, peak: 256M
current process commit charge ("private bytes"): 393M, peak: 432M

vm_info: Java HotSpot(TM) 64-Bit Server VM (11.0.17+10-LTS-269) for windows-amd64 JRE (11.0.17+10-LTS-269), built on Sep 13 2022 19:26:37 by "mach5one" with MS VC++ 15.9 (VS2017)

END.
